<?xml version="1.0" encoding="UTF-8"?>
<!-- Generated by org.testng.reporters.JUnitReportReporter -->
<testsuite hostname="DESKTOP-JD1B6NT" failures="0" tests="1" name="RetryAnalyzerTest" time="0.007" errors="0" timestamp="23 Apr 2021 12:34:41 GMT" skipped="0">
  <testcase classname="RetryAnalyzerTest" name="f" time="0.007"/>
</testsuite> <!-- RetryAnalyzerTest -->
