<?xml version="1.0" encoding="UTF-8"?>
<!-- Generated by org.testng.reporters.JUnitReportReporter -->
<testsuite hostname="DESKTOP-JD1B6NT" failures="0" tests="1" name="assignment_selenium.SeleniumAssignment" time="23.602" errors="0" timestamp="20 Apr 2021 10:10:25 GMT" skipped="0">
  <testcase classname="assignment_selenium.SeleniumAssignment" name="assignment" time="23.602"/>
</testsuite> <!-- assignment_selenium.SeleniumAssignment -->
