<?xml version="1.0" encoding="UTF-8"?>
<!-- Generated by org.testng.reporters.JUnitReportReporter -->
<testsuite hostname="DESKTOP-JD1B6NT" failures="0" tests="4" name="PIM" time="8.075" errors="0" timestamp="23 Apr 2021 12:59:32 GMT" skipped="0">
  <testcase classname="PIM" name="login" time="3.248"/>
  <testcase classname="PIM" name="pim" time="3.756"/>
  <testcase classname="PIM" name="search" time="0.641"/>
  <testcase classname="PIM" name="validate" time="0.430"/>
</testsuite> <!-- PIM -->
