<?xml version="1.0" encoding="UTF-8"?>
<!-- Generated by org.testng.reporters.JUnitReportReporter -->
<testsuite hostname="DESKTOP-JD1B6NT" failures="0" tests="1" name="runner.Runner" time="41.392" errors="0" timestamp="23 Apr 2021 18:11:36 GMT" skipped="0">
  <testcase classname="runner.Runner" name="runScenario" time="41.392"/>
</testsuite> <!-- runner.Runner -->
